<?xml version="1.0" encoding="UTF-8"?>
<!-- Generated by org.testng.reporters.JUnitReportReporter -->
<testsuite hostname="DESKTOP-4HGCE0I" failures="0" tests="2" name="qaclickacademy.Framework.AppiumTest" time="0.009" errors="0" timestamp="2022-09-16T23:46:07 PDT" skipped="0">
  <testcase classname="qaclickacademy.Framework.AppiumTest" name="NativeAppAndroid" time="0.002"/>
  <system-out/>
  <testcase classname="qaclickacademy.Framework.AppiumTest" name="IOSApps" time="0.007"/>
  <system-out/>
</testsuite> <!-- qaclickacademy.Framework.AppiumTest -->
