<?xml version="1.0" encoding="UTF-8"?>
<!-- Generated by org.testng.reporters.JUnitReportReporter -->
<testsuite hostname="DESKTOP-4HGCE0I" failures="0" tests="2" name="qaclickacademy.Framework.SeleniumTest" time="0.002" errors="0" timestamp="2022-09-16T23:46:07 PDT" skipped="0">
  <testcase classname="qaclickacademy.Framework.SeleniumTest" name="elements" time="0.001"/>
  <system-out/>
  <testcase classname="qaclickacademy.Framework.SeleniumTest" name="browserAutomation" time="0.001"/>
  <system-out/>
</testsuite> <!-- qaclickacademy.Framework.SeleniumTest -->
