<?xml version="1.0" encoding="UTF-8"?>
<!-- Generated by org.testng.reporters.JUnitReportReporter -->
<testsuite hostname="DESKTOP-4HGCE0I" failures="0" tests="1" name="qaclickacademy.Framework.RestTest" time="0.002" errors="0" timestamp="2022-09-16T23:46:07 PDT" skipped="0">
  <testcase classname="qaclickacademy.Framework.RestTest" name="postJira" time="0.002"/>
  <system-out/>
</testsuite> <!-- qaclickacademy.Framework.RestTest -->
