<?xml version="1.0" encoding="UTF-8"?>
<!-- Generated by org.testng.reporters.JUnitReportReporter -->
<testsuite hostname="DESKTOP-4HGCE0I" failures="0" tests="1" name="qaclickacademy.Framework.RestTest" time="0.000" errors="0" timestamp="17 Sep 2022 06:45:34 GMT">
  <testcase classname="qaclickacademy.Framework.RestTest" name="postJira" time="0.000"/>
</testsuite> <!-- qaclickacademy.Framework.RestTest -->
