<?xml version="1.0" encoding="UTF-8"?>
<!-- Generated by org.testng.reporters.JUnitReportReporter -->
<testsuite hostname="DESKTOP-4HGCE0I" failures="0" tests="2" name="qaclickacademy.Framework.AppiumTest" time="0.014" errors="0" timestamp="17 Sep 2022 06:45:34 GMT">
  <testcase classname="qaclickacademy.Framework.AppiumTest" name="NativeAppAndroid" time="0.000"/>
  <testcase classname="qaclickacademy.Framework.AppiumTest" name="IOSApps" time="0.014"/>
</testsuite> <!-- qaclickacademy.Framework.AppiumTest -->
