<?xml version="1.0" encoding="UTF-8"?>
<!-- Generated by org.testng.reporters.JUnitReportReporter -->
<testsuite hostname="DESKTOP-4HGCE0I" failures="0" tests="2" name="qaclickacademy.Framework.SeleniumTest" time="0.000" errors="0" timestamp="17 Sep 2022 06:45:34 GMT">
  <testcase classname="qaclickacademy.Framework.SeleniumTest" name="browserAutomation" time="0.000"/>
  <testcase classname="qaclickacademy.Framework.SeleniumTest" name="elements" time="0.000"/>
</testsuite> <!-- qaclickacademy.Framework.SeleniumTest -->
